# JRE version: Java(TM) SE Runtime Environment (8.0_112-b15) (build 1.8.0_112-b15)
# Java VM: Java HotSpot(TM) 64-Bit Server VM (25.112-b15 mixed mode windows-amd64 compressed oops)
Heap:
 PSYoungGen      total 390144K, used 274454K [0x00000000d5c00000, 0x00000000efb80000, 0x0000000100000000)
  eden space 371200K, 73% used [0x00000000d5c00000,0x00000000e6805968,0x00000000ec680000)
  from space 18944K, 0% used [0x00000000ecc00000,0x00000000ecc00000,0x00000000ede80000)
  to   space 27136K, 0% used [0x00000000ee100000,0x00000000ee100000,0x00000000efb80000)
 ParOldGen       total 126976K, used 45094K [0x0000000081400000, 0x0000000089000000, 0x00000000d5c00000)
  object space 126976K, 35% used [0x0000000081400000,0x0000000084009b30,0x0000000089000000)
 Metaspace       used 84392K, capacity 87738K, committed 87896K, reserved 1126400K
  class space    used 10797K, capacity 11379K, committed 11392K, reserved 1048576K
GC Heap History (10 events):
Event: 34.806 GC heap before
{Heap before GC invocations=15 (full 3):
 PSYoungGen      total 320512K, used 3783K [0x00000000d5c00000, 0x00000000eb000000, 0x0000000100000000)
  eden space 299008K, 0% used [0x00000000d5c00000,0x00000000d5c00000,0x00000000e8000000)
  from space 21504K, 17% used [0x00000000e9500000,0x00000000e98b1cc8,0x00000000eaa00000)
  to   space 21504K, 0% used [0x00000000e8000000,0x00000000e8000000,0x00000000e9500000)
 ParOldGen       total 83968K, used 38697K [0x0000000081400000, 0x0000000086600000, 0x00000000d5c00000)
  object space 83968K, 46% used [0x0000000081400000,0x00000000839ca580,0x0000000086600000)
 Metaspace       used 57007K, capacity 59002K, committed 59096K, reserved 1101824K
  class space    used 7237K, capacity 7653K, committed 7680K, reserved 1048576K
Event: 35.160 GC heap after
Heap after GC invocations=15 (full 3):
 PSYoungGen      total 320512K, used 0K [0x00000000d5c00000, 0x00000000eb000000, 0x0000000100000000)
  eden space 299008K, 0% used [0x00000000d5c00000,0x00000000d5c00000,0x00000000e8000000)
  from space 21504K, 0% used [0x00000000e9500000,0x00000000e9500000,0x00000000eaa00000)
  to   space 21504K, 0% used [0x00000000e8000000,0x00000000e8000000,0x00000000e9500000)
 ParOldGen       total 126976K, used 37001K [0x0000000081400000, 0x0000000089000000, 0x00000000d5c00000)
  object space 126976K, 29% used [0x0000000081400000,0x00000000838227a0,0x0000000089000000)
 Metaspace       used 57003K, capacity 58996K, committed 59096K, reserved 1101824K
  class space    used 7236K, capacity 7652K, committed 7680K, reserved 1048576K
}
Event: 43.802 GC heap before
{Heap before GC invocations=16 (full 3):
 PSYoungGen      total 320512K, used 299008K [0x00000000d5c00000, 0x00000000eb000000, 0x0000000100000000)
  eden space 299008K, 100% used [0x00000000d5c00000,0x00000000e8000000,0x00000000e8000000)
  from space 21504K, 0% used [0x00000000e9500000,0x00000000e9500000,0x00000000eaa00000)
  to   space 21504K, 0% used [0x00000000e8000000,0x00000000e8000000,0x00000000e9500000)
 ParOldGen       total 126976K, used 37001K [0x0000000081400000, 0x0000000089000000, 0x00000000d5c00000)
  object space 126976K, 29% used [0x0000000081400000,0x00000000838227a0,0x0000000089000000)
 Metaspace       used 68853K, capacity 71538K, committed 71768K, reserved 1112064K
  class space    used 8735K, capacity 9239K, committed 9344K, reserved 1048576K
Event: 43.851 GC heap after
Heap after GC invocations=16 (full 3):
 PSYoungGen      total 320512K, used 16972K [0x00000000d5c00000, 0x00000000eff00000, 0x0000000100000000)
  eden space 299008K, 0% used [0x00000000d5c00000,0x00000000d5c00000,0x00000000e8000000)
  from space 21504K, 78% used [0x00000000e8000000,0x00000000e90930a8,0x00000000e9500000)
  to   space 23040K, 0% used [0x00000000ee880000,0x00000000ee880000,0x00000000eff00000)
 ParOldGen       total 126976K, used 37009K [0x0000000081400000, 0x0000000089000000, 0x00000000d5c00000)
  object space 126976K, 29% used [0x0000000081400000,0x00000000838247a0,0x0000000089000000)
 Metaspace       used 68853K, capacity 71538K, committed 71768K, reserved 1112064K
  class space    used 8735K, capacity 9239K, committed 9344K, reserved 1048576K
}
Event: 102.855 GC heap before
{Heap before GC invocations=17 (full 3):
 PSYoungGen      total 320512K, used 315980K [0x00000000d5c00000, 0x00000000eff00000, 0x0000000100000000)
  eden space 299008K, 100% used [0x00000000d5c00000,0x00000000e8000000,0x00000000e8000000)
  from space 21504K, 78% used [0x00000000e8000000,0x00000000e90930a8,0x00000000e9500000)
  to   space 23040K, 0% used [0x00000000ee880000,0x00000000ee880000,0x00000000eff00000)
 ParOldGen       total 126976K, used 37009K [0x0000000081400000, 0x0000000089000000, 0x00000000d5c00000)
  object space 126976K, 29% used [0x0000000081400000,0x00000000838247a0,0x0000000089000000)
 Metaspace       used 79377K, capacity 82328K, committed 82520K, reserved 1120256K
  class space    used 10240K, capacity 10764K, committed 10880K, reserved 1048576K
Event: 102.888 GC heap after
Heap after GC invocations=17 (full 3):
 PSYoungGen      total 394240K, used 22667K [0x00000000d5c00000, 0x00000000eff00000, 0x0000000100000000)
  eden space 371200K, 0% used [0x00000000d5c00000,0x00000000d5c00000,0x00000000ec680000)
  from space 23040K, 98% used [0x00000000ee880000,0x00000000efea2dc8,0x00000000eff00000)
  to   space 26112K, 0% used [0x00000000ecc00000,0x00000000ecc00000,0x00000000ee580000)
 ParOldGen       total 126976K, used 37017K [0x0000000081400000, 0x0000000089000000, 0x00000000d5c00000)
  object space 126976K, 29% used [0x0000000081400000,0x00000000838267a0,0x0000000089000000)
 Metaspace       used 79377K, capacity 82328K, committed 82520K, reserved 1120256K
  class space    used 10240K, capacity 10764K, committed 10880K, reserved 1048576K
}
Event: 820.798 GC heap before
{Heap before GC invocations=18 (full 3):
 PSYoungGen      total 394240K, used 282068K [0x00000000d5c00000, 0x00000000eff00000, 0x0000000100000000)
  eden space 371200K, 69% used [0x00000000d5c00000,0x00000000e59525d8,0x00000000ec680000)
  from space 23040K, 98% used [0x00000000ee880000,0x00000000efea2dc8,0x00000000eff00000)
  to   space 26112K, 0% used [0x00000000ecc00000,0x00000000ecc00000,0x00000000ee580000)
 ParOldGen       total 126976K, used 37017K [0x0000000081400000, 0x0000000089000000, 0x00000000d5c00000)
  object space 126976K, 29% used [0x0000000081400000,0x00000000838267a0,0x0000000089000000)
 Metaspace       used 83847K, capacity 87144K, committed 87384K, reserved 1126400K
  class space    used 10748K, capacity 11326K, committed 11392K, reserved 1048576K
Event: 820.978 GC heap after
Heap after GC invocations=18 (full 3):
 PSYoungGen      total 390144K, used 18615K [0x00000000d5c00000, 0x00000000efb80000, 0x0000000100000000)
  eden space 371200K, 0% used [0x00000000d5c00000,0x00000000d5c00000,0x00000000ec680000)
  from space 18944K, 98% used [0x00000000ecc00000,0x00000000ede2dfd8,0x00000000ede80000)
  to   space 27136K, 0% used [0x00000000ee100000,0x00000000ee100000,0x00000000efb80000)
 ParOldGen       total 126976K, used 37025K [0x0000000081400000, 0x0000000089000000, 0x00000000d5c00000)
  object space 126976K, 29% used [0x0000000081400000,0x00000000838287a0,0x0000000089000000)
 Metaspace       used 83847K, capacity 87144K, committed 87384K, reserved 1126400K
  class space    used 10748K, capacity 11326K, committed 11392K, reserved 1048576K
}
Event: 820.978 GC heap before
{Heap before GC invocations=19 (full 4):
 PSYoungGen      total 390144K, used 18615K [0x00000000d5c00000, 0x00000000efb80000, 0x0000000100000000)
  eden space 371200K, 0% used [0x00000000d5c00000,0x00000000d5c00000,0x00000000ec680000)
  from space 18944K, 98% used [0x00000000ecc00000,0x00000000ede2dfd8,0x00000000ede80000)
  to   space 27136K, 0% used [0x00000000ee100000,0x00000000ee100000,0x00000000efb80000)
 ParOldGen       total 126976K, used 37025K [0x0000000081400000, 0x0000000089000000, 0x00000000d5c00000)
  object space 126976K, 29% used [0x0000000081400000,0x00000000838287a0,0x0000000089000000)
 Metaspace       used 83847K, capacity 87144K, committed 87384K, reserved 1126400K
  class space    used 10748K, capacity 11326K, committed 11392K, reserved 1048576K
Event: 821.773 GC heap after
Heap after GC invocations=19 (full 4):
 PSYoungGen      total 390144K, used 0K [0x00000000d5c00000, 0x00000000efb80000, 0x0000000100000000)
  eden space 371200K, 0% used [0x00000000d5c00000,0x00000000d5c00000,0x00000000ec680000)
  from space 18944K, 0% used [0x00000000ecc00000,0x00000000ecc00000,0x00000000ede80000)
  to   space 27136K, 0% used [0x00000000ee100000,0x00000000ee100000,0x00000000efb80000)
 ParOldGen       total 126976K, used 45094K [0x0000000081400000, 0x0000000089000000, 0x00000000d5c00000)
  object space 126976K, 35% used [0x0000000081400000,0x0000000084009b30,0x0000000089000000)
 Metaspace       used 83813K, capacity 87090K, committed 87384K, reserved 1126400K
  class space    used 10743K, capacity 11317K, committed 11392K, reserved 1048576K
}

